# JRE version: Java(TM) SE Runtime Environment (8.0_261-b12) (build 1.8.0_261-b12)
# Java VM: Java HotSpot(TM) 64-Bit Server VM (25.261-b12 mixed mode windows-amd64 compressed oops)
Heap:
 PSYoungGen      total 456192K, used 281869K [0x000000076b780000, 0x000000078a580000, 0x00000007c0000000)
  eden space 445952K, 60% used [0x000000076b780000,0x000000077c0d4858,0x0000000786b00000)
  from space 10240K, 99% used [0x0000000789b80000,0x000000078a56ecd0,0x000000078a580000)
  to   space 19456K, 0% used [0x0000000787f80000,0x0000000787f80000,0x0000000789280000)
 ParOldGen       total 174592K, used 28822K [0x00000006c2600000, 0x00000006cd080000, 0x000000076b780000)
  object space 174592K, 16% used [0x00000006c2600000,0x00000006c4225818,0x00000006cd080000)
 Metaspace       used 62862K, capacity 67364K, committed 67672K, reserved 1107968K
  class space    used 8759K, capacity 9514K, committed 9600K, reserved 1048576K
GC Heap History (10 events):
Event: 2.129 GC heap before
{Heap before GC invocations=9 (full 2):
 PSYoungGen      total 235520K, used 10477K [0x000000076b780000, 0x0000000783b80000, 0x00000007c0000000)
  eden space 222208K, 0% used [0x000000076b780000,0x000000076b780000,0x0000000779080000)
  from space 13312K, 78% used [0x0000000779080000,0x0000000779abb7b0,0x0000000779d80000)
  to   space 13824K, 0% used [0x0000000782e00000,0x0000000782e00000,0x0000000783b80000)
 ParOldGen       total 86528K, used 7246K [0x00000006c2600000, 0x00000006c7a80000, 0x000000076b780000)
  object space 86528K, 8% used [0x00000006c2600000,0x00000006c2d138d8,0x00000006c7a80000)
 Metaspace       used 32992K, capacity 35208K, committed 35416K, reserved 1079296K
  class space    used 4548K, capacity 4971K, committed 4992K, reserved 1048576K
Event: 2.156 GC heap after
Heap after GC invocations=9 (full 2):
 PSYoungGen      total 235520K, used 0K [0x000000076b780000, 0x0000000783b80000, 0x00000007c0000000)
  eden space 222208K, 0% used [0x000000076b780000,0x000000076b780000,0x0000000779080000)
  from space 13312K, 0% used [0x0000000779080000,0x0000000779080000,0x0000000779d80000)
  to   space 13824K, 0% used [0x0000000782e00000,0x0000000782e00000,0x0000000783b80000)
 ParOldGen       total 123904K, used 15573K [0x00000006c2600000, 0x00000006c9f00000, 0x000000076b780000)
  object space 123904K, 12% used [0x00000006c2600000,0x00000006c3535458,0x00000006c9f00000)
 Metaspace       used 32992K, capacity 35208K, committed 35416K, reserved 1079296K
  class space    used 4548K, capacity 4971K, committed 4992K, reserved 1048576K
}
Event: 3.896 GC heap before
{Heap before GC invocations=10 (full 2):
 PSYoungGen      total 235520K, used 222208K [0x000000076b780000, 0x0000000783b80000, 0x00000007c0000000)
  eden space 222208K, 100% used [0x000000076b780000,0x0000000779080000,0x0000000779080000)
  from space 13312K, 0% used [0x0000000779080000,0x0000000779080000,0x0000000779d80000)
  to   space 13824K, 0% used [0x0000000782e00000,0x0000000782e00000,0x0000000783b80000)
 ParOldGen       total 123904K, used 15573K [0x00000006c2600000, 0x00000006c9f00000, 0x000000076b780000)
  object space 123904K, 12% used [0x00000006c2600000,0x00000006c3535458,0x00000006c9f00000)
 Metaspace       used 50299K, capacity 53398K, committed 53592K, reserved 1095680K
  class space    used 7159K, capacity 7692K, committed 7808K, reserved 1048576K
Event: 3.910 GC heap after
Heap after GC invocations=10 (full 2):
 PSYoungGen      total 369664K, used 13792K [0x000000076b780000, 0x0000000783b80000, 0x00000007c0000000)
  eden space 355840K, 0% used [0x000000076b780000,0x000000076b780000,0x0000000781300000)
  from space 13824K, 99% used [0x0000000782e00000,0x0000000783b783e8,0x0000000783b80000)
  to   space 18432K, 0% used [0x0000000781780000,0x0000000781780000,0x0000000782980000)
 ParOldGen       total 123904K, used 22858K [0x00000006c2600000, 0x00000006c9f00000, 0x000000076b780000)
  object space 123904K, 18% used [0x00000006c2600000,0x00000006c3c528f8,0x00000006c9f00000)
 Metaspace       used 50299K, capacity 53398K, committed 53592K, reserved 1095680K
  class space    used 7159K, capacity 7692K, committed 7808K, reserved 1048576K
}
Event: 4.565 GC heap before
{Heap before GC invocations=11 (full 2):
 PSYoungGen      total 369664K, used 142575K [0x000000076b780000, 0x0000000783b80000, 0x00000007c0000000)
  eden space 355840K, 36% used [0x000000076b780000,0x0000000773543a50,0x0000000781300000)
  from space 13824K, 99% used [0x0000000782e00000,0x0000000783b783e8,0x0000000783b80000)
  to   space 18432K, 0% used [0x0000000781780000,0x0000000781780000,0x0000000782980000)
 ParOldGen       total 123904K, used 22858K [0x00000006c2600000, 0x00000006c9f00000, 0x000000076b780000)
  object space 123904K, 18% used [0x00000006c2600000,0x00000006c3c528f8,0x00000006c9f00000)
 Metaspace       used 55245K, capacity 58884K, committed 59028K, reserved 1099776K
  class space    used 7812K, capacity 8459K, committed 8576K, reserved 1048576K
Event: 4.575 GC heap after
Heap after GC invocations=11 (full 2):
 PSYoungGen      total 378880K, used 15971K [0x000000076b780000, 0x000000078af00000, 0x00000007c0000000)
  eden space 360448K, 0% used [0x000000076b780000,0x000000076b780000,0x0000000781780000)
  from space 18432K, 86% used [0x0000000781780000,0x0000000782718ee8,0x0000000782980000)
  to   space 19968K, 0% used [0x0000000789b80000,0x0000000789b80000,0x000000078af00000)
 ParOldGen       total 123904K, used 22866K [0x00000006c2600000, 0x00000006c9f00000, 0x000000076b780000)
  object space 123904K, 18% used [0x00000006c2600000,0x00000006c3c548f8,0x00000006c9f00000)
 Metaspace       used 55245K, capacity 58884K, committed 59028K, reserved 1099776K
  class space    used 7812K, capacity 8459K, committed 8576K, reserved 1048576K
}
Event: 4.575 GC heap before
{Heap before GC invocations=12 (full 3):
 PSYoungGen      total 378880K, used 15971K [0x000000076b780000, 0x000000078af00000, 0x00000007c0000000)
  eden space 360448K, 0% used [0x000000076b780000,0x000000076b780000,0x0000000781780000)
  from space 18432K, 86% used [0x0000000781780000,0x0000000782718ee8,0x0000000782980000)
  to   space 19968K, 0% used [0x0000000789b80000,0x0000000789b80000,0x000000078af00000)
 ParOldGen       total 123904K, used 22866K [0x00000006c2600000, 0x00000006c9f00000, 0x000000076b780000)
  object space 123904K, 18% used [0x00000006c2600000,0x00000006c3c548f8,0x00000006c9f00000)
 Metaspace       used 55245K, capacity 58884K, committed 59028K, reserved 1099776K
  class space    used 7812K, capacity 8459K, committed 8576K, reserved 1048576K
Event: 4.716 GC heap after
Heap after GC invocations=12 (full 3):
 PSYoungGen      total 378880K, used 0K [0x000000076b780000, 0x000000078af00000, 0x00000007c0000000)
  eden space 360448K, 0% used [0x000000076b780000,0x000000076b780000,0x0000000781780000)
  from space 18432K, 0% used [0x0000000781780000,0x0000000781780000,0x0000000782980000)
  to   space 19968K, 0% used [0x0000000789b80000,0x0000000789b80000,0x000000078af00000)
 ParOldGen       total 174592K, used 28814K [0x00000006c2600000, 0x00000006cd080000, 0x000000076b780000)
  object space 174592K, 16% used [0x00000006c2600000,0x00000006c4223818,0x00000006cd080000)
 Metaspace       used 55245K, capacity 58884K, committed 59028K, reserved 1099776K
  class space    used 7812K, capacity 8459K, committed 8576K, reserved 1048576K
}
Event: 372.381 GC heap before
{Heap before GC invocations=13 (full 3):
 PSYoungGen      total 378880K, used 360448K [0x000000076b780000, 0x000000078af00000, 0x00000007c0000000)
  eden space 360448K, 100% used [0x000000076b780000,0x0000000781780000,0x0000000781780000)
  from space 18432K, 0% used [0x0000000781780000,0x0000000781780000,0x0000000782980000)
  to   space 19968K, 0% used [0x0000000789b80000,0x0000000789b80000,0x000000078af00000)
 ParOldGen       total 174592K, used 28814K [0x00000006c2600000, 0x00000006cd080000, 0x000000076b780000)
  object space 174592K, 16% used [0x00000006c2600000,0x00000006c4223818,0x00000006cd080000)
 Metaspace       used 62379K, capacity 66896K, committed 67032K, reserved 1107968K
  class space    used 8711K, capacity 9472K, committed 9472K, reserved 1048576K
Event: 372.395 GC heap after
Heap after GC invocations=13 (full 3):
 PSYoungGen      total 456192K, used 10171K [0x000000076b780000, 0x000000078a580000, 0x00000007c0000000)
  eden space 445952K, 0% used [0x000000076b780000,0x000000076b780000,0x0000000786b00000)
  from space 10240K, 99% used [0x0000000789b80000,0x000000078a56ecd0,0x000000078a580000)
  to   space 19456K, 0% used [0x0000000787f80000,0x0000000787f80000,0x0000000789280000)
 ParOldGen       total 174592K, used 28822K [0x00000006c2600000, 0x00000006cd080000, 0x000000076b780000)
  object space 174592K, 16% used [0x00000006c2600000,0x00000006c4225818,0x00000006cd080000)
 Metaspace       used 62379K, capacity 66896K, committed 67032K, reserved 1107968K
  class space    used 8711K, capacity 9472K, committed 9472K, reserved 1048576K
}

